<?xml version="1.0" encoding="UTF-8"?>
<!-- Generated by org.testng.reporters.JUnitXMLReporter -->
<testsuite hostname="ip-172-31-81-201" ignored="1" name="Test" tests="2" failures="0" timestamp="12 Dec 2021 05:08:51 GMT" time="3.252" errors="0">
  <testcase name="signupTest" time="0.89" classname="tests.SignupPagetest"/>
  <testcase name="LoginTest" time="0.4" classname="tests.LoginPageTest"/>
  <testcase name="@BeforeTest ReportSetup" time="0.0" classname="tests.BaseClass">
    <ignored/>
  </testcase> <!-- @BeforeTest ReportSetup -->
</testsuite> <!-- Test -->
