<?xml version="1.0" encoding="UTF-8"?>
<!-- Generated by org.testng.reporters.JUnitXMLReporter -->
<testsuite hostname="ip-172-31-81-201" ignored="2" name="Test" tests="3" failures="0" timestamp="12 Dec 2021 15:41:45 GMT" time="5.082" errors="0">
  <testcase name="signupTest" time="0.853" classname="tests.SignupPagetest"/>
  <testcase name="LoginTest" time="0.376" classname="tests.LoginPageTest"/>
  <testcase name="ProductAd" time="1.009" classname="tests.ProductAddTest"/>
  <testcase name="@BeforeTest ReportSetup" time="0.0" classname="tests.BaseClass">
    <ignored/>
  </testcase> <!-- @BeforeTest ReportSetup -->
  <testcase name="@BeforeTest ReportSetup" time="0.0" classname="tests.BaseClass">
    <ignored/>
  </testcase> <!-- @BeforeTest ReportSetup -->
</testsuite> <!-- Test -->
