<?xml version="1.0" encoding="UTF-8"?>
<testng-results skipped="0" failed="0" ignored="1" total="3" passed="2">
  <reporter-output>
  </reporter-output>
  <suite name="Suite" duration-ms="3252" started-at="2021-12-12T05:08:48Z" finished-at="2021-12-12T05:08:51Z">
    <groups>
    </groups>
    <test name="Test" duration-ms="3252" started-at="2021-12-12T05:08:48Z" finished-at="2021-12-12T05:08:51Z">
      <class name="tests.LoginPageTest">
        <test-method status="PASS" signature="setup()[pri:0, instance:tests.LoginPageTest@12c8a2c0]" name="setup" is-config="true" duration-ms="828" started-at="2021-12-12T05:08:50Z" finished-at="2021-12-12T05:08:50Z">
          <reporter-output>
          </reporter-output>
        </test-method> <!-- setup -->
        <test-method status="PASS" signature="LoginTest(java.lang.String, java.lang.String)[pri:0, instance:tests.LoginPageTest@12c8a2c0]" name="LoginTest" duration-ms="400" started-at="2021-12-12T05:08:50Z" finished-at="2021-12-12T05:08:51Z">
          <params>
            <param index="0">
              <value>
                <![CDATA[abc@gmail.com]]>
              </value>
            </param>
            <param index="1">
              <value>
                <![CDATA[ABCdg1234@#]]>
              </value>
            </param>
          </params>
          <reporter-output>
          </reporter-output>
        </test-method> <!-- LoginTest -->
        <test-method status="PASS" signature="teardown()[pri:0, instance:tests.LoginPageTest@12c8a2c0]" name="teardown" is-config="true" duration-ms="72" started-at="2021-12-12T05:08:51Z" finished-at="2021-12-12T05:08:51Z">
          <reporter-output>
          </reporter-output>
        </test-method> <!-- teardown -->
      </class> <!-- tests.LoginPageTest -->
      <class name="tests.SignupPagetest">
        <test-method status="PASS" signature="ReportSetup()[pri:0, instance:tests.SignupPagetest@a74868d]" name="ReportSetup" is-config="true" duration-ms="98" started-at="2021-12-12T05:08:48Z" finished-at="2021-12-12T05:08:48Z">
          <reporter-output>
          </reporter-output>
        </test-method> <!-- ReportSetup -->
        <test-method status="PASS" signature="setup()[pri:0, instance:tests.SignupPagetest@a74868d]" name="setup" is-config="true" duration-ms="880" started-at="2021-12-12T05:08:48Z" finished-at="2021-12-12T05:08:49Z">
          <reporter-output>
          </reporter-output>
        </test-method> <!-- setup -->
        <test-method status="PASS" signature="signupTest(java.lang.String, java.lang.String, java.lang.String, java.lang.String, java.lang.String, java.lang.String)[pri:0, instance:tests.SignupPagetest@a74868d]" name="signupTest" duration-ms="890" started-at="2021-12-12T05:08:49Z" finished-at="2021-12-12T05:08:49Z">
          <params>
            <param index="0">
              <value>
                <![CDATA[abc@gmail.com]]>
              </value>
            </param>
            <param index="1">
              <value>
                <![CDATA[ABCdg1234@#]]>
              </value>
            </param>
            <param index="2">
              <value>
                <![CDATA[Praveen]]>
              </value>
            </param>
            <param index="3">
              <value>
                <![CDATA[Kumar]]>
              </value>
            </param>
            <param index="4">
              <value>
                <![CDATA[23]]>
              </value>
            </param>
            <param index="5">
              <value>
                <![CDATA[Andhra Pradesh]]>
              </value>
            </param>
          </params>
          <reporter-output>
          </reporter-output>
        </test-method> <!-- signupTest -->
        <test-method status="PASS" signature="teardown()[pri:0, instance:tests.SignupPagetest@a74868d]" name="teardown" is-config="true" duration-ms="66" started-at="2021-12-12T05:08:49Z" finished-at="2021-12-12T05:08:50Z">
          <reporter-output>
          </reporter-output>
        </test-method> <!-- teardown -->
      </class> <!-- tests.SignupPagetest -->
    </test> <!-- Test -->
  </suite> <!-- Suite -->
</testng-results>
